Performing C SOURCE FILE Test CMAKE_HAVE_LIBC_PTHREAD failed with the following output:
Change Dir: /home/ticoy/robotica-javi-nieto/chocachoca/CMakeFiles/CMakeTmp

Run Build Command(s):/usr/bin/make cmTC_dbea1/fast && /usr/bin/make -f CMakeFiles/cmTC_dbea1.dir/build.make CMakeFiles/cmTC_dbea1.dir/build
make[1]: se entra en el directorio '/home/ticoy/robotica-javi-nieto/chocachoca/CMakeFiles/CMakeTmp'
Building C object CMakeFiles/cmTC_dbea1.dir/src.c.o
/usr/bin/cc   -DCMAKE_HAVE_LIBC_PTHREAD   -o CMakeFiles/cmTC_dbea1.dir/src.c.o   -c /home/ticoy/robotica-javi-nieto/chocachoca/CMakeFiles/CMakeTmp/src.c
Linking C executable cmTC_dbea1
/usr/bin/cmake -E cmake_link_script CMakeFiles/cmTC_dbea1.dir/link.txt --verbose=1
/usr/bin/cc  -DCMAKE_HAVE_LIBC_PTHREAD    -rdynamic CMakeFiles/cmTC_dbea1.dir/src.c.o  -o cmTC_dbea1 
/usr/bin/ld: CMakeFiles/cmTC_dbea1.dir/src.c.o: en la función `main':
src.c:(.text+0x46): referencia a `pthread_create' sin definir
/usr/bin/ld: src.c:(.text+0x52): referencia a `pthread_detach' sin definir
/usr/bin/ld: src.c:(.text+0x63): referencia a `pthread_join' sin definir
collect2: error: ld returned 1 exit status
make[1]: *** [CMakeFiles/cmTC_dbea1.dir/build.make:87: cmTC_dbea1] Error 1
make[1]: se sale del directorio '/home/ticoy/robotica-javi-nieto/chocachoca/CMakeFiles/CMakeTmp'
make: *** [Makefile:121: cmTC_dbea1/fast] Error 2


Source file was:
#include <pthread.h>

void* test_func(void* data)
{
  return data;
}

int main(void)
{
  pthread_t thread;
  pthread_create(&thread, NULL, test_func, NULL);
  pthread_detach(thread);
  pthread_join(thread, NULL);
  pthread_atfork(NULL, NULL, NULL);
  pthread_exit(NULL);

  return 0;
}

Determining if the function pthread_create exists in the pthreads failed with the following output:
Change Dir: /home/ticoy/robotica-javi-nieto/chocachoca/CMakeFiles/CMakeTmp

Run Build Command(s):/usr/bin/make cmTC_16389/fast && /usr/bin/make -f CMakeFiles/cmTC_16389.dir/build.make CMakeFiles/cmTC_16389.dir/build
make[1]: se entra en el directorio '/home/ticoy/robotica-javi-nieto/chocachoca/CMakeFiles/CMakeTmp'
Building C object CMakeFiles/cmTC_16389.dir/CheckFunctionExists.c.o
/usr/bin/cc   -DCHECK_FUNCTION_EXISTS=pthread_create   -o CMakeFiles/cmTC_16389.dir/CheckFunctionExists.c.o   -c /usr/share/cmake-3.16/Modules/CheckFunctionExists.c
Linking C executable cmTC_16389
/usr/bin/cmake -E cmake_link_script CMakeFiles/cmTC_16389.dir/link.txt --verbose=1
/usr/bin/cc  -DCHECK_FUNCTION_EXISTS=pthread_create    -rdynamic CMakeFiles/cmTC_16389.dir/CheckFunctionExists.c.o  -o cmTC_16389  -lpthreads 
/usr/bin/ld: no se puede encontrar -lpthreads
collect2: error: ld returned 1 exit status
make[1]: *** [CMakeFiles/cmTC_16389.dir/build.make:87: cmTC_16389] Error 1
make[1]: se sale del directorio '/home/ticoy/robotica-javi-nieto/chocachoca/CMakeFiles/CMakeTmp'
make: *** [Makefile:121: cmTC_16389/fast] Error 2



Performing C SOURCE FILE Test CMAKE_HAVE_LIBC_PTHREAD failed with the following output:
Change Dir: /home/salabeta/robotica-javi-nieto/chocachoca/CMakeFiles/CMakeTmp

Run Build Command(s):/usr/bin/make cmTC_49d44/fast && /usr/bin/make -f CMakeFiles/cmTC_49d44.dir/build.make CMakeFiles/cmTC_49d44.dir/build
make[1]: se entra en el directorio '/home/salabeta/robotica-javi-nieto/chocachoca/CMakeFiles/CMakeTmp'
Building C object CMakeFiles/cmTC_49d44.dir/src.c.o
/usr/bin/cc   -DCMAKE_HAVE_LIBC_PTHREAD   -o CMakeFiles/cmTC_49d44.dir/src.c.o   -c /home/salabeta/robotica-javi-nieto/chocachoca/CMakeFiles/CMakeTmp/src.c
Linking C executable cmTC_49d44
/usr/bin/cmake -E cmake_link_script CMakeFiles/cmTC_49d44.dir/link.txt --verbose=1
/usr/bin/cc  -DCMAKE_HAVE_LIBC_PTHREAD    -rdynamic CMakeFiles/cmTC_49d44.dir/src.c.o  -o cmTC_49d44 
/usr/bin/ld: CMakeFiles/cmTC_49d44.dir/src.c.o: en la función `main':
src.c:(.text+0x46): referencia a `pthread_create' sin definir
/usr/bin/ld: src.c:(.text+0x52): referencia a `pthread_detach' sin definir
/usr/bin/ld: src.c:(.text+0x63): referencia a `pthread_join' sin definir
collect2: error: ld returned 1 exit status
make[1]: *** [CMakeFiles/cmTC_49d44.dir/build.make:87: cmTC_49d44] Error 1
make[1]: se sale del directorio '/home/salabeta/robotica-javi-nieto/chocachoca/CMakeFiles/CMakeTmp'
make: *** [Makefile:121: cmTC_49d44/fast] Error 2


Source file was:
#include <pthread.h>

void* test_func(void* data)
{
  return data;
}

int main(void)
{
  pthread_t thread;
  pthread_create(&thread, NULL, test_func, NULL);
  pthread_detach(thread);
  pthread_join(thread, NULL);
  pthread_atfork(NULL, NULL, NULL);
  pthread_exit(NULL);

  return 0;
}

Determining if the function pthread_create exists in the pthreads failed with the following output:
Change Dir: /home/salabeta/robotica-javi-nieto/chocachoca/CMakeFiles/CMakeTmp

Run Build Command(s):/usr/bin/make cmTC_52193/fast && /usr/bin/make -f CMakeFiles/cmTC_52193.dir/build.make CMakeFiles/cmTC_52193.dir/build
make[1]: se entra en el directorio '/home/salabeta/robotica-javi-nieto/chocachoca/CMakeFiles/CMakeTmp'
Building C object CMakeFiles/cmTC_52193.dir/CheckFunctionExists.c.o
/usr/bin/cc   -DCHECK_FUNCTION_EXISTS=pthread_create   -o CMakeFiles/cmTC_52193.dir/CheckFunctionExists.c.o   -c /usr/share/cmake-3.16/Modules/CheckFunctionExists.c
Linking C executable cmTC_52193
/usr/bin/cmake -E cmake_link_script CMakeFiles/cmTC_52193.dir/link.txt --verbose=1
/usr/bin/cc  -DCHECK_FUNCTION_EXISTS=pthread_create    -rdynamic CMakeFiles/cmTC_52193.dir/CheckFunctionExists.c.o  -o cmTC_52193  -lpthreads 
/usr/bin/ld: no se puede encontrar -lpthreads
collect2: error: ld returned 1 exit status
make[1]: *** [CMakeFiles/cmTC_52193.dir/build.make:87: cmTC_52193] Error 1
make[1]: se sale del directorio '/home/salabeta/robotica-javi-nieto/chocachoca/CMakeFiles/CMakeTmp'
make: *** [Makefile:121: cmTC_52193/fast] Error 2



Performing C SOURCE FILE Test CMAKE_HAVE_LIBC_PTHREAD failed with the following output:
Change Dir: /home/ticoy/Descargas/robotica-javi-nieto/chocachoca/CMakeFiles/CMakeTmp

Run Build Command(s):/usr/bin/make cmTC_6c096/fast && /usr/bin/make -f CMakeFiles/cmTC_6c096.dir/build.make CMakeFiles/cmTC_6c096.dir/build
make[1]: se entra en el directorio '/home/ticoy/Descargas/robotica-javi-nieto/chocachoca/CMakeFiles/CMakeTmp'
Building C object CMakeFiles/cmTC_6c096.dir/src.c.o
/usr/bin/cc   -DCMAKE_HAVE_LIBC_PTHREAD   -o CMakeFiles/cmTC_6c096.dir/src.c.o   -c /home/ticoy/Descargas/robotica-javi-nieto/chocachoca/CMakeFiles/CMakeTmp/src.c
Linking C executable cmTC_6c096
/usr/bin/cmake -E cmake_link_script CMakeFiles/cmTC_6c096.dir/link.txt --verbose=1
/usr/bin/cc  -DCMAKE_HAVE_LIBC_PTHREAD    -rdynamic CMakeFiles/cmTC_6c096.dir/src.c.o  -o cmTC_6c096 
/usr/bin/ld: CMakeFiles/cmTC_6c096.dir/src.c.o: en la función `main':
src.c:(.text+0x46): referencia a `pthread_create' sin definir
/usr/bin/ld: src.c:(.text+0x52): referencia a `pthread_detach' sin definir
/usr/bin/ld: src.c:(.text+0x63): referencia a `pthread_join' sin definir
collect2: error: ld returned 1 exit status
make[1]: *** [CMakeFiles/cmTC_6c096.dir/build.make:87: cmTC_6c096] Error 1
make[1]: se sale del directorio '/home/ticoy/Descargas/robotica-javi-nieto/chocachoca/CMakeFiles/CMakeTmp'
make: *** [Makefile:121: cmTC_6c096/fast] Error 2


Source file was:
#include <pthread.h>

void* test_func(void* data)
{
  return data;
}

int main(void)
{
  pthread_t thread;
  pthread_create(&thread, NULL, test_func, NULL);
  pthread_detach(thread);
  pthread_join(thread, NULL);
  pthread_atfork(NULL, NULL, NULL);
  pthread_exit(NULL);

  return 0;
}

Determining if the function pthread_create exists in the pthreads failed with the following output:
Change Dir: /home/ticoy/Descargas/robotica-javi-nieto/chocachoca/CMakeFiles/CMakeTmp

Run Build Command(s):/usr/bin/make cmTC_a7c0e/fast && /usr/bin/make -f CMakeFiles/cmTC_a7c0e.dir/build.make CMakeFiles/cmTC_a7c0e.dir/build
make[1]: se entra en el directorio '/home/ticoy/Descargas/robotica-javi-nieto/chocachoca/CMakeFiles/CMakeTmp'
Building C object CMakeFiles/cmTC_a7c0e.dir/CheckFunctionExists.c.o
/usr/bin/cc   -DCHECK_FUNCTION_EXISTS=pthread_create   -o CMakeFiles/cmTC_a7c0e.dir/CheckFunctionExists.c.o   -c /usr/share/cmake-3.16/Modules/CheckFunctionExists.c
Linking C executable cmTC_a7c0e
/usr/bin/cmake -E cmake_link_script CMakeFiles/cmTC_a7c0e.dir/link.txt --verbose=1
/usr/bin/cc  -DCHECK_FUNCTION_EXISTS=pthread_create    -rdynamic CMakeFiles/cmTC_a7c0e.dir/CheckFunctionExists.c.o  -o cmTC_a7c0e  -lpthreads 
/usr/bin/ld: no se puede encontrar -lpthreads
collect2: error: ld returned 1 exit status
make[1]: *** [CMakeFiles/cmTC_a7c0e.dir/build.make:87: cmTC_a7c0e] Error 1
make[1]: se sale del directorio '/home/ticoy/Descargas/robotica-javi-nieto/chocachoca/CMakeFiles/CMakeTmp'
make: *** [Makefile:121: cmTC_a7c0e/fast] Error 2



Performing C SOURCE FILE Test CMAKE_HAVE_LIBC_PTHREAD failed with the following output:
Change Dir: /home/hulio/Escritorio/robotica-javi-nieto/chocachoca/CMakeFiles/CMakeTmp

Run Build Command(s):/usr/bin/make cmTC_1f156/fast && /usr/bin/make -f CMakeFiles/cmTC_1f156.dir/build.make CMakeFiles/cmTC_1f156.dir/build
make[1]: se entra en el directorio '/home/hulio/Escritorio/robotica-javi-nieto/chocachoca/CMakeFiles/CMakeTmp'
Building C object CMakeFiles/cmTC_1f156.dir/src.c.o
/usr/bin/cc   -DCMAKE_HAVE_LIBC_PTHREAD   -o CMakeFiles/cmTC_1f156.dir/src.c.o   -c /home/hulio/Escritorio/robotica-javi-nieto/chocachoca/CMakeFiles/CMakeTmp/src.c
Linking C executable cmTC_1f156
/usr/bin/cmake -E cmake_link_script CMakeFiles/cmTC_1f156.dir/link.txt --verbose=1
/usr/bin/cc  -DCMAKE_HAVE_LIBC_PTHREAD    -rdynamic CMakeFiles/cmTC_1f156.dir/src.c.o  -o cmTC_1f156 
/usr/bin/ld: CMakeFiles/cmTC_1f156.dir/src.c.o: en la función `main':
src.c:(.text+0x46): referencia a `pthread_create' sin definir
/usr/bin/ld: src.c:(.text+0x52): referencia a `pthread_detach' sin definir
/usr/bin/ld: src.c:(.text+0x63): referencia a `pthread_join' sin definir
collect2: error: ld returned 1 exit status
make[1]: *** [CMakeFiles/cmTC_1f156.dir/build.make:87: cmTC_1f156] Error 1
make[1]: se sale del directorio '/home/hulio/Escritorio/robotica-javi-nieto/chocachoca/CMakeFiles/CMakeTmp'
make: *** [Makefile:121: cmTC_1f156/fast] Error 2


Source file was:
#include <pthread.h>

void* test_func(void* data)
{
  return data;
}

int main(void)
{
  pthread_t thread;
  pthread_create(&thread, NULL, test_func, NULL);
  pthread_detach(thread);
  pthread_join(thread, NULL);
  pthread_atfork(NULL, NULL, NULL);
  pthread_exit(NULL);

  return 0;
}

Determining if the function pthread_create exists in the pthreads failed with the following output:
Change Dir: /home/hulio/Escritorio/robotica-javi-nieto/chocachoca/CMakeFiles/CMakeTmp

Run Build Command(s):/usr/bin/make cmTC_3598b/fast && /usr/bin/make -f CMakeFiles/cmTC_3598b.dir/build.make CMakeFiles/cmTC_3598b.dir/build
make[1]: se entra en el directorio '/home/hulio/Escritorio/robotica-javi-nieto/chocachoca/CMakeFiles/CMakeTmp'
Building C object CMakeFiles/cmTC_3598b.dir/CheckFunctionExists.c.o
/usr/bin/cc   -DCHECK_FUNCTION_EXISTS=pthread_create   -o CMakeFiles/cmTC_3598b.dir/CheckFunctionExists.c.o   -c /usr/share/cmake-3.16/Modules/CheckFunctionExists.c
Linking C executable cmTC_3598b
/usr/bin/cmake -E cmake_link_script CMakeFiles/cmTC_3598b.dir/link.txt --verbose=1
/usr/bin/cc  -DCHECK_FUNCTION_EXISTS=pthread_create    -rdynamic CMakeFiles/cmTC_3598b.dir/CheckFunctionExists.c.o  -o cmTC_3598b  -lpthreads 
/usr/bin/ld: no se puede encontrar -lpthreads
collect2: error: ld returned 1 exit status
make[1]: *** [CMakeFiles/cmTC_3598b.dir/build.make:87: cmTC_3598b] Error 1
make[1]: se sale del directorio '/home/hulio/Escritorio/robotica-javi-nieto/chocachoca/CMakeFiles/CMakeTmp'
make: *** [Makefile:121: cmTC_3598b/fast] Error 2



Performing C SOURCE FILE Test CMAKE_HAVE_LIBC_PTHREAD failed with the following output:
Change Dir: /home/hulio/Escritorio/robotica-julio-aitor/chocachoca/CMakeFiles/CMakeTmp

Run Build Command(s):/usr/bin/make cmTC_694d4/fast && /usr/bin/make -f CMakeFiles/cmTC_694d4.dir/build.make CMakeFiles/cmTC_694d4.dir/build
make[1]: se entra en el directorio '/home/hulio/Escritorio/robotica-julio-aitor/chocachoca/CMakeFiles/CMakeTmp'
Building C object CMakeFiles/cmTC_694d4.dir/src.c.o
/usr/bin/cc   -DCMAKE_HAVE_LIBC_PTHREAD   -o CMakeFiles/cmTC_694d4.dir/src.c.o   -c /home/hulio/Escritorio/robotica-julio-aitor/chocachoca/CMakeFiles/CMakeTmp/src.c
Linking C executable cmTC_694d4
/usr/bin/cmake -E cmake_link_script CMakeFiles/cmTC_694d4.dir/link.txt --verbose=1
/usr/bin/cc  -DCMAKE_HAVE_LIBC_PTHREAD    -rdynamic CMakeFiles/cmTC_694d4.dir/src.c.o  -o cmTC_694d4 
/usr/bin/ld: CMakeFiles/cmTC_694d4.dir/src.c.o: en la función `main':
src.c:(.text+0x46): referencia a `pthread_create' sin definir
/usr/bin/ld: src.c:(.text+0x52): referencia a `pthread_detach' sin definir
/usr/bin/ld: src.c:(.text+0x63): referencia a `pthread_join' sin definir
collect2: error: ld returned 1 exit status
make[1]: *** [CMakeFiles/cmTC_694d4.dir/build.make:87: cmTC_694d4] Error 1
make[1]: se sale del directorio '/home/hulio/Escritorio/robotica-julio-aitor/chocachoca/CMakeFiles/CMakeTmp'
make: *** [Makefile:121: cmTC_694d4/fast] Error 2


Source file was:
#include <pthread.h>

void* test_func(void* data)
{
  return data;
}

int main(void)
{
  pthread_t thread;
  pthread_create(&thread, NULL, test_func, NULL);
  pthread_detach(thread);
  pthread_join(thread, NULL);
  pthread_atfork(NULL, NULL, NULL);
  pthread_exit(NULL);

  return 0;
}

Determining if the function pthread_create exists in the pthreads failed with the following output:
Change Dir: /home/hulio/Escritorio/robotica-julio-aitor/chocachoca/CMakeFiles/CMakeTmp

Run Build Command(s):/usr/bin/make cmTC_d02db/fast && /usr/bin/make -f CMakeFiles/cmTC_d02db.dir/build.make CMakeFiles/cmTC_d02db.dir/build
make[1]: se entra en el directorio '/home/hulio/Escritorio/robotica-julio-aitor/chocachoca/CMakeFiles/CMakeTmp'
Building C object CMakeFiles/cmTC_d02db.dir/CheckFunctionExists.c.o
/usr/bin/cc   -DCHECK_FUNCTION_EXISTS=pthread_create   -o CMakeFiles/cmTC_d02db.dir/CheckFunctionExists.c.o   -c /usr/share/cmake-3.16/Modules/CheckFunctionExists.c
Linking C executable cmTC_d02db
/usr/bin/cmake -E cmake_link_script CMakeFiles/cmTC_d02db.dir/link.txt --verbose=1
/usr/bin/cc  -DCHECK_FUNCTION_EXISTS=pthread_create    -rdynamic CMakeFiles/cmTC_d02db.dir/CheckFunctionExists.c.o  -o cmTC_d02db  -lpthreads 
/usr/bin/ld: no se puede encontrar -lpthreads
collect2: error: ld returned 1 exit status
make[1]: *** [CMakeFiles/cmTC_d02db.dir/build.make:87: cmTC_d02db] Error 1
make[1]: se sale del directorio '/home/hulio/Escritorio/robotica-julio-aitor/chocachoca/CMakeFiles/CMakeTmp'
make: *** [Makefile:121: cmTC_d02db/fast] Error 2



