Performing C SOURCE FILE Test CMAKE_HAVE_LIBC_PTHREAD failed with the following output:
Change Dir: /home/ticoy/robotica-javi-nieto/chocachoca/src/CMakeFiles/CMakeTmp

Run Build Command(s):/usr/bin/make cmTC_746f4/fast && /usr/bin/make -f CMakeFiles/cmTC_746f4.dir/build.make CMakeFiles/cmTC_746f4.dir/build
make[1]: se entra en el directorio '/home/ticoy/robotica-javi-nieto/chocachoca/src/CMakeFiles/CMakeTmp'
Building C object CMakeFiles/cmTC_746f4.dir/src.c.o
/usr/bin/cc   -DCMAKE_HAVE_LIBC_PTHREAD   -o CMakeFiles/cmTC_746f4.dir/src.c.o   -c /home/ticoy/robotica-javi-nieto/chocachoca/src/CMakeFiles/CMakeTmp/src.c
Linking C executable cmTC_746f4
/usr/bin/cmake -E cmake_link_script CMakeFiles/cmTC_746f4.dir/link.txt --verbose=1
/usr/bin/cc  -DCMAKE_HAVE_LIBC_PTHREAD    -rdynamic CMakeFiles/cmTC_746f4.dir/src.c.o  -o cmTC_746f4 
/usr/bin/ld: CMakeFiles/cmTC_746f4.dir/src.c.o: en la función `main':
src.c:(.text+0x46): referencia a `pthread_create' sin definir
/usr/bin/ld: src.c:(.text+0x52): referencia a `pthread_detach' sin definir
/usr/bin/ld: src.c:(.text+0x63): referencia a `pthread_join' sin definir
collect2: error: ld returned 1 exit status
make[1]: *** [CMakeFiles/cmTC_746f4.dir/build.make:87: cmTC_746f4] Error 1
make[1]: se sale del directorio '/home/ticoy/robotica-javi-nieto/chocachoca/src/CMakeFiles/CMakeTmp'
make: *** [Makefile:121: cmTC_746f4/fast] Error 2


Source file was:
#include <pthread.h>

void* test_func(void* data)
{
  return data;
}

int main(void)
{
  pthread_t thread;
  pthread_create(&thread, NULL, test_func, NULL);
  pthread_detach(thread);
  pthread_join(thread, NULL);
  pthread_atfork(NULL, NULL, NULL);
  pthread_exit(NULL);

  return 0;
}

Determining if the function pthread_create exists in the pthreads failed with the following output:
Change Dir: /home/ticoy/robotica-javi-nieto/chocachoca/src/CMakeFiles/CMakeTmp

Run Build Command(s):/usr/bin/make cmTC_a84ea/fast && /usr/bin/make -f CMakeFiles/cmTC_a84ea.dir/build.make CMakeFiles/cmTC_a84ea.dir/build
make[1]: se entra en el directorio '/home/ticoy/robotica-javi-nieto/chocachoca/src/CMakeFiles/CMakeTmp'
Building C object CMakeFiles/cmTC_a84ea.dir/CheckFunctionExists.c.o
/usr/bin/cc   -DCHECK_FUNCTION_EXISTS=pthread_create   -o CMakeFiles/cmTC_a84ea.dir/CheckFunctionExists.c.o   -c /usr/share/cmake-3.16/Modules/CheckFunctionExists.c
Linking C executable cmTC_a84ea
/usr/bin/cmake -E cmake_link_script CMakeFiles/cmTC_a84ea.dir/link.txt --verbose=1
/usr/bin/cc  -DCHECK_FUNCTION_EXISTS=pthread_create    -rdynamic CMakeFiles/cmTC_a84ea.dir/CheckFunctionExists.c.o  -o cmTC_a84ea  -lpthreads 
/usr/bin/ld: no se puede encontrar -lpthreads
collect2: error: ld returned 1 exit status
make[1]: *** [CMakeFiles/cmTC_a84ea.dir/build.make:87: cmTC_a84ea] Error 1
make[1]: se sale del directorio '/home/ticoy/robotica-javi-nieto/chocachoca/src/CMakeFiles/CMakeTmp'
make: *** [Makefile:121: cmTC_a84ea/fast] Error 2



Performing C SOURCE FILE Test CMAKE_HAVE_LIBC_PTHREAD failed with the following output:
Change Dir: /home/salabeta/robotica-javi-nieto/chocachoca/src/CMakeFiles/CMakeTmp

Run Build Command(s):/usr/bin/make cmTC_5eeaf/fast && /usr/bin/make -f CMakeFiles/cmTC_5eeaf.dir/build.make CMakeFiles/cmTC_5eeaf.dir/build
make[1]: se entra en el directorio '/home/salabeta/robotica-javi-nieto/chocachoca/src/CMakeFiles/CMakeTmp'
Building C object CMakeFiles/cmTC_5eeaf.dir/src.c.o
/usr/bin/cc   -DCMAKE_HAVE_LIBC_PTHREAD   -o CMakeFiles/cmTC_5eeaf.dir/src.c.o   -c /home/salabeta/robotica-javi-nieto/chocachoca/src/CMakeFiles/CMakeTmp/src.c
Linking C executable cmTC_5eeaf
/usr/bin/cmake -E cmake_link_script CMakeFiles/cmTC_5eeaf.dir/link.txt --verbose=1
/usr/bin/cc  -DCMAKE_HAVE_LIBC_PTHREAD    -rdynamic CMakeFiles/cmTC_5eeaf.dir/src.c.o  -o cmTC_5eeaf 
/usr/bin/ld: CMakeFiles/cmTC_5eeaf.dir/src.c.o: en la función `main':
src.c:(.text+0x46): referencia a `pthread_create' sin definir
/usr/bin/ld: src.c:(.text+0x52): referencia a `pthread_detach' sin definir
/usr/bin/ld: src.c:(.text+0x63): referencia a `pthread_join' sin definir
collect2: error: ld returned 1 exit status
make[1]: *** [CMakeFiles/cmTC_5eeaf.dir/build.make:87: cmTC_5eeaf] Error 1
make[1]: se sale del directorio '/home/salabeta/robotica-javi-nieto/chocachoca/src/CMakeFiles/CMakeTmp'
make: *** [Makefile:121: cmTC_5eeaf/fast] Error 2


Source file was:
#include <pthread.h>

void* test_func(void* data)
{
  return data;
}

int main(void)
{
  pthread_t thread;
  pthread_create(&thread, NULL, test_func, NULL);
  pthread_detach(thread);
  pthread_join(thread, NULL);
  pthread_atfork(NULL, NULL, NULL);
  pthread_exit(NULL);

  return 0;
}

Determining if the function pthread_create exists in the pthreads failed with the following output:
Change Dir: /home/salabeta/robotica-javi-nieto/chocachoca/src/CMakeFiles/CMakeTmp

Run Build Command(s):/usr/bin/make cmTC_3616b/fast && /usr/bin/make -f CMakeFiles/cmTC_3616b.dir/build.make CMakeFiles/cmTC_3616b.dir/build
make[1]: se entra en el directorio '/home/salabeta/robotica-javi-nieto/chocachoca/src/CMakeFiles/CMakeTmp'
Building C object CMakeFiles/cmTC_3616b.dir/CheckFunctionExists.c.o
/usr/bin/cc   -DCHECK_FUNCTION_EXISTS=pthread_create   -o CMakeFiles/cmTC_3616b.dir/CheckFunctionExists.c.o   -c /usr/share/cmake-3.16/Modules/CheckFunctionExists.c
Linking C executable cmTC_3616b
/usr/bin/cmake -E cmake_link_script CMakeFiles/cmTC_3616b.dir/link.txt --verbose=1
/usr/bin/cc  -DCHECK_FUNCTION_EXISTS=pthread_create    -rdynamic CMakeFiles/cmTC_3616b.dir/CheckFunctionExists.c.o  -o cmTC_3616b  -lpthreads 
/usr/bin/ld: no se puede encontrar -lpthreads
collect2: error: ld returned 1 exit status
make[1]: *** [CMakeFiles/cmTC_3616b.dir/build.make:87: cmTC_3616b] Error 1
make[1]: se sale del directorio '/home/salabeta/robotica-javi-nieto/chocachoca/src/CMakeFiles/CMakeTmp'
make: *** [Makefile:121: cmTC_3616b/fast] Error 2



Performing C SOURCE FILE Test CMAKE_HAVE_LIBC_PTHREAD failed with the following output:
Change Dir: /home/ticoy/Descargas/robotica-javi-nieto/chocachoca/src/CMakeFiles/CMakeTmp

Run Build Command(s):/usr/bin/make cmTC_b5ef2/fast && /usr/bin/make -f CMakeFiles/cmTC_b5ef2.dir/build.make CMakeFiles/cmTC_b5ef2.dir/build
make[1]: se entra en el directorio '/home/ticoy/Descargas/robotica-javi-nieto/chocachoca/src/CMakeFiles/CMakeTmp'
Building C object CMakeFiles/cmTC_b5ef2.dir/src.c.o
/usr/bin/cc   -DCMAKE_HAVE_LIBC_PTHREAD   -o CMakeFiles/cmTC_b5ef2.dir/src.c.o   -c /home/ticoy/Descargas/robotica-javi-nieto/chocachoca/src/CMakeFiles/CMakeTmp/src.c
Linking C executable cmTC_b5ef2
/usr/bin/cmake -E cmake_link_script CMakeFiles/cmTC_b5ef2.dir/link.txt --verbose=1
/usr/bin/cc  -DCMAKE_HAVE_LIBC_PTHREAD    -rdynamic CMakeFiles/cmTC_b5ef2.dir/src.c.o  -o cmTC_b5ef2 
/usr/bin/ld: CMakeFiles/cmTC_b5ef2.dir/src.c.o: en la función `main':
src.c:(.text+0x46): referencia a `pthread_create' sin definir
/usr/bin/ld: src.c:(.text+0x52): referencia a `pthread_detach' sin definir
/usr/bin/ld: src.c:(.text+0x63): referencia a `pthread_join' sin definir
collect2: error: ld returned 1 exit status
make[1]: *** [CMakeFiles/cmTC_b5ef2.dir/build.make:87: cmTC_b5ef2] Error 1
make[1]: se sale del directorio '/home/ticoy/Descargas/robotica-javi-nieto/chocachoca/src/CMakeFiles/CMakeTmp'
make: *** [Makefile:121: cmTC_b5ef2/fast] Error 2


Source file was:
#include <pthread.h>

void* test_func(void* data)
{
  return data;
}

int main(void)
{
  pthread_t thread;
  pthread_create(&thread, NULL, test_func, NULL);
  pthread_detach(thread);
  pthread_join(thread, NULL);
  pthread_atfork(NULL, NULL, NULL);
  pthread_exit(NULL);

  return 0;
}

Determining if the function pthread_create exists in the pthreads failed with the following output:
Change Dir: /home/ticoy/Descargas/robotica-javi-nieto/chocachoca/src/CMakeFiles/CMakeTmp

Run Build Command(s):/usr/bin/make cmTC_c49bf/fast && /usr/bin/make -f CMakeFiles/cmTC_c49bf.dir/build.make CMakeFiles/cmTC_c49bf.dir/build
make[1]: se entra en el directorio '/home/ticoy/Descargas/robotica-javi-nieto/chocachoca/src/CMakeFiles/CMakeTmp'
Building C object CMakeFiles/cmTC_c49bf.dir/CheckFunctionExists.c.o
/usr/bin/cc   -DCHECK_FUNCTION_EXISTS=pthread_create   -o CMakeFiles/cmTC_c49bf.dir/CheckFunctionExists.c.o   -c /usr/share/cmake-3.16/Modules/CheckFunctionExists.c
Linking C executable cmTC_c49bf
/usr/bin/cmake -E cmake_link_script CMakeFiles/cmTC_c49bf.dir/link.txt --verbose=1
/usr/bin/cc  -DCHECK_FUNCTION_EXISTS=pthread_create    -rdynamic CMakeFiles/cmTC_c49bf.dir/CheckFunctionExists.c.o  -o cmTC_c49bf  -lpthreads 
/usr/bin/ld: no se puede encontrar -lpthreads
collect2: error: ld returned 1 exit status
make[1]: *** [CMakeFiles/cmTC_c49bf.dir/build.make:87: cmTC_c49bf] Error 1
make[1]: se sale del directorio '/home/ticoy/Descargas/robotica-javi-nieto/chocachoca/src/CMakeFiles/CMakeTmp'
make: *** [Makefile:121: cmTC_c49bf/fast] Error 2



